[35m[1mConsolidate compiler generated dependencies of target signal_generator[0m
[ 50%] [32mBuilding CXX object CMakeFiles/signal_generator.dir/src/signal_generator.cpp.o[0m
[01m[K/home/israamaciaas/ros2_ws/src/signal_generator/src/signal_generator.cpp:11:22:[m[K [01;31m[Kerror: [m[Kâ€˜[01m[KFloat32[m[Kâ€™ has not been declared in â€˜[01m[Kstd_msgs::msg[m[Kâ€™
   11 | using std_msgs::msg::[01;31m[KFloat32[m[K;
      |                      [01;31m[K^~~~~~~[m[K
[01m[K/home/israamaciaas/ros2_ws/src/signal_generator/src/signal_generator.cpp:[m[K In constructor â€˜[01m[KMinimal_Publisher::Minimal_Publisher()[m[Kâ€™:
[01m[K/home/israamaciaas/ros2_ws/src/signal_generator/src/signal_generator.cpp:19:49:[m[K [01;31m[Kerror: [m[Kâ€˜[01m[KFloat32[m[Kâ€™ was not declared in this scope
   19 |       publisherSignal_ = this->create_publisher<[01;31m[KFloat32[m[K>("signal", 10); //creating a publisher
      |                                                 [01;31m[K^~~~~~~[m[K
[01m[K/home/israamaciaas/ros2_ws/src/signal_generator/src/signal_generator.cpp:19:57:[m[K [01;31m[Kerror: [m[Kno matching function for call to â€˜[01m[KMinimal_Publisher::create_publisher<<expression error> >(const char [7], int)[m[Kâ€™
   19 |       publisherSignal_ = [01;31m[Kthis->create_publisher<Float32>("signal", 10)[m[K; //creating a publisher
      |                          [01;31m[K~~~~~~~~~~~~~~~~~~~~~~~~~~~~~~~^~~~~~~~~~~~~~[m[K
In file included from [01m[K/opt/ros/humble/include/rclcpp/rclcpp/executors/single_threaded_executor.hpp:28[m[K,
                 from [01m[K/opt/ros/humble/include/rclcpp/rclcpp/executors.hpp:22[m[K,
                 from [01m[K/opt/ros/humble/include/rclcpp/rclcpp/rclcpp.hpp:155[m[K,
                 from [01m[K/home/israamaciaas/ros2_ws/src/signal_generator/src/signal_generator.cpp:6[m[K:
[01m[K/opt/ros/humble/include/rclcpp/rclcpp/node.hpp:195:3:[m[K [01;36m[Knote: [m[Kcandidate: â€˜[01m[Ktemplate<class MessageT, class AllocatorT, class PublisherT> std::shared_ptr<PublisherT> rclcpp::Node::create_publisher(const string&, const rclcpp::QoS&, const rclcpp::PublisherOptionsWithAllocator<AllocatorT>&)[m[Kâ€™
  195 |   [01;36m[Kcreate_publisher[m[K(
      |   [01;36m[K^~~~~~~~~~~~~~~~[m[K
[01m[K/opt/ros/humble/include/rclcpp/rclcpp/node.hpp:195:3:[m[K [01;36m[Knote: [m[K  template argument deduction/substitution failed:
[01m[K/home/israamaciaas/ros2_ws/src/signal_generator/src/signal_generator.cpp:19:57:[m[K [01;31m[Kerror: [m[Ktemplate argument 1 is invalid
   19 |       publisherSignal_ = [01;31m[Kthis->create_publisher<Float32>("signal", 10)[m[K; //creating a publisher
      |                          [01;31m[K~~~~~~~~~~~~~~~~~~~~~~~~~~~~~~~^~~~~~~~~~~~~~[m[K
[01m[K/home/israamaciaas/ros2_ws/src/signal_generator/src/signal_generator.cpp:20:7:[m[K [01;31m[Kerror: [m[Kâ€˜[01m[KpublisherTime_[m[Kâ€™ was not declared in this scope; did you mean â€˜[01m[KpublisherSignal_[m[Kâ€™?
   20 |       [01;31m[KpublisherTime_[m[K = this->create_publisher<Float32>("time", 10); //creating a publisher
      |       [01;31m[K^~~~~~~~~~~~~~[m[K
      |       [32m[KpublisherSignal_[m[K
[01m[K/home/israamaciaas/ros2_ws/src/signal_generator/src/signal_generator.cpp:20:55:[m[K [01;31m[Kerror: [m[Kno matching function for call to â€˜[01m[KMinimal_Publisher::create_publisher<Float32>(const char [5], int)[m[Kâ€™
   20 |       publisherTime_ = [01;31m[Kthis->create_publisher<Float32>("time", 10)[m[K; //creating a publisher
      |                        [01;31m[K~~~~~~~~~~~~~~~~~~~~~~~~~~~~~~~^~~~~~~~~~~~[m[K
In file included from [01m[K/opt/ros/humble/include/rclcpp/rclcpp/executors/single_threaded_executor.hpp:28[m[K,
                 from [01m[K/opt/ros/humble/include/rclcpp/rclcpp/executors.hpp:22[m[K,
                 from [01m[K/opt/ros/humble/include/rclcpp/rclcpp/rclcpp.hpp:155[m[K,
                 from [01m[K/home/israamaciaas/ros2_ws/src/signal_generator/src/signal_generator.cpp:6[m[K:
[01m[K/opt/ros/humble/include/rclcpp/rclcpp/node.hpp:195:3:[m[K [01;36m[Knote: [m[Kcandidate: â€˜[01m[Ktemplate<class MessageT, class AllocatorT, class PublisherT> std::shared_ptr<PublisherT> rclcpp::Node::create_publisher(const string&, const rclcpp::QoS&, const rclcpp::PublisherOptionsWithAllocator<AllocatorT>&)[m[Kâ€™
  195 |   [01;36m[Kcreate_publisher[m[K(
      |   [01;36m[K^~~~~~~~~~~~~~~~[m[K
[01m[K/opt/ros/humble/include/rclcpp/rclcpp/node.hpp:195:3:[m[K [01;36m[Knote: [m[K  template argument deduction/substitution failed:
[01m[K/home/israamaciaas/ros2_ws/src/signal_generator/src/signal_generator.cpp:[m[K In member function â€˜[01m[Kvoid Minimal_Publisher::timer_callback()[m[Kâ€™:
[01m[K/home/israamaciaas/ros2_ws/src/signal_generator/src/signal_generator.cpp:28:23:[m[K [01;31m[Kerror: [m[Kâ€˜[01m[KFloat32[m[Kâ€™ was not declared in this scope
   28 |       auto msg_time = [01;31m[KFloat32[m[K();
      |                       [01;31m[K^~~~~~~[m[K
gmake[2]: *** [CMakeFiles/signal_generator.dir/build.make:76: CMakeFiles/signal_generator.dir/src/signal_generator.cpp.o] Error 1
gmake[1]: *** [CMakeFiles/Makefile2:137: CMakeFiles/signal_generator.dir/all] Error 2
gmake: *** [Makefile:146: all] Error 2
