[0.020s] Invoking command in '/home/israamaciaas/ros2_ws/build/signal_generator': CMAKE_PREFIX_PATH=${CMAKE_PREFIX_PATH}:/home/israamaciaas/ros2_ws/install/ros_move:/opt/ros/humble /usr/bin/cmake --build /home/israamaciaas/ros2_ws/build/signal_generator -- -j8 -l8
[0.093s] [35m[1mConsolidate compiler generated dependencies of target signal_generator[0m
[0.126s] [ 50%] [32mBuilding CXX object CMakeFiles/signal_generator.dir/src/signal_generator.cpp.o[0m
[3.065s] [01m[K/home/israamaciaas/ros2_ws/src/signal_generator/src/signal_generator.cpp:11:22:[m[K [01;31m[Kerror: [m[Kâ€˜[01m[KFloat32[m[Kâ€™ has not been declared in â€˜[01m[Kstd_msgs::msg[m[Kâ€™
[3.065s]    11 | using std_msgs::msg::[01;31m[KFloat32[m[K;
[3.066s]       |                      [01;31m[K^~~~~~~[m[K
[3.077s] [01m[K/home/israamaciaas/ros2_ws/src/signal_generator/src/signal_generator.cpp:[m[K In constructor â€˜[01m[KMinimal_Publisher::Minimal_Publisher()[m[Kâ€™:
[3.077s] [01m[K/home/israamaciaas/ros2_ws/src/signal_generator/src/signal_generator.cpp:19:49:[m[K [01;31m[Kerror: [m[Kâ€˜[01m[KFloat32[m[Kâ€™ was not declared in this scope
[3.077s]    19 |       publisherSignal_ = this->create_publisher<[01;31m[KFloat32[m[K>("signal", 10); //creating a publisher
[3.078s]       |                                                 [01;31m[K^~~~~~~[m[K
[3.078s] [01m[K/home/israamaciaas/ros2_ws/src/signal_generator/src/signal_generator.cpp:19:57:[m[K [01;31m[Kerror: [m[Kno matching function for call to â€˜[01m[KMinimal_Publisher::create_publisher<<expression error> >(const char [7], int)[m[Kâ€™
[3.078s]    19 |       publisherSignal_ = [01;31m[Kthis->create_publisher<Float32>("signal", 10)[m[K; //creating a publisher
[3.078s]       |                          [01;31m[K~~~~~~~~~~~~~~~~~~~~~~~~~~~~~~~^~~~~~~~~~~~~~[m[K
[3.078s] In file included from [01m[K/opt/ros/humble/include/rclcpp/rclcpp/executors/single_threaded_executor.hpp:28[m[K,
[3.078s]                  from [01m[K/opt/ros/humble/include/rclcpp/rclcpp/executors.hpp:22[m[K,
[3.078s]                  from [01m[K/opt/ros/humble/include/rclcpp/rclcpp/rclcpp.hpp:155[m[K,
[3.079s]                  from [01m[K/home/israamaciaas/ros2_ws/src/signal_generator/src/signal_generator.cpp:6[m[K:
[3.079s] [01m[K/opt/ros/humble/include/rclcpp/rclcpp/node.hpp:195:3:[m[K [01;36m[Knote: [m[Kcandidate: â€˜[01m[Ktemplate<class MessageT, class AllocatorT, class PublisherT> std::shared_ptr<PublisherT> rclcpp::Node::create_publisher(const string&, const rclcpp::QoS&, const rclcpp::PublisherOptionsWithAllocator<AllocatorT>&)[m[Kâ€™
[3.079s]   195 |   [01;36m[Kcreate_publisher[m[K(
[3.079s]       |   [01;36m[K^~~~~~~~~~~~~~~~[m[K
[3.079s] [01m[K/opt/ros/humble/include/rclcpp/rclcpp/node.hpp:195:3:[m[K [01;36m[Knote: [m[K  template argument deduction/substitution failed:
[3.079s] [01m[K/home/israamaciaas/ros2_ws/src/signal_generator/src/signal_generator.cpp:19:57:[m[K [01;31m[Kerror: [m[Ktemplate argument 1 is invalid
[3.079s]    19 |       publisherSignal_ = [01;31m[Kthis->create_publisher<Float32>("signal", 10)[m[K; //creating a publisher
[3.079s]       |                          [01;31m[K~~~~~~~~~~~~~~~~~~~~~~~~~~~~~~~^~~~~~~~~~~~~~[m[K
[3.086s] [01m[K/home/israamaciaas/ros2_ws/src/signal_generator/src/signal_generator.cpp:20:7:[m[K [01;31m[Kerror: [m[Kâ€˜[01m[KpublisherTime_[m[Kâ€™ was not declared in this scope; did you mean â€˜[01m[KpublisherSignal_[m[Kâ€™?
[3.086s]    20 |       [01;31m[KpublisherTime_[m[K = this->create_publisher<Float32>("time", 10); //creating a publisher
[3.087s]       |       [01;31m[K^~~~~~~~~~~~~~[m[K
[3.087s]       |       [32m[KpublisherSignal_[m[K
[3.087s] [01m[K/home/israamaciaas/ros2_ws/src/signal_generator/src/signal_generator.cpp:20:55:[m[K [01;31m[Kerror: [m[Kno matching function for call to â€˜[01m[KMinimal_Publisher::create_publisher<Float32>(const char [5], int)[m[Kâ€™
[3.087s]    20 |       publisherTime_ = [01;31m[Kthis->create_publisher<Float32>("time", 10)[m[K; //creating a publisher
[3.087s]       |                        [01;31m[K~~~~~~~~~~~~~~~~~~~~~~~~~~~~~~~^~~~~~~~~~~~[m[K
[3.087s] In file included from [01m[K/opt/ros/humble/include/rclcpp/rclcpp/executors/single_threaded_executor.hpp:28[m[K,
[3.087s]                  from [01m[K/opt/ros/humble/include/rclcpp/rclcpp/executors.hpp:22[m[K,
[3.088s]                  from [01m[K/opt/ros/humble/include/rclcpp/rclcpp/rclcpp.hpp:155[m[K,
[3.088s]                  from [01m[K/home/israamaciaas/ros2_ws/src/signal_generator/src/signal_generator.cpp:6[m[K:
[3.088s] [01m[K/opt/ros/humble/include/rclcpp/rclcpp/node.hpp:195:3:[m[K [01;36m[Knote: [m[Kcandidate: â€˜[01m[Ktemplate<class MessageT, class AllocatorT, class PublisherT> std::shared_ptr<PublisherT> rclcpp::Node::create_publisher(const string&, const rclcpp::QoS&, const rclcpp::PublisherOptionsWithAllocator<AllocatorT>&)[m[Kâ€™
[3.088s]   195 |   [01;36m[Kcreate_publisher[m[K(
[3.088s]       |   [01;36m[K^~~~~~~~~~~~~~~~[m[K
[3.088s] [01m[K/opt/ros/humble/include/rclcpp/rclcpp/node.hpp:195:3:[m[K [01;36m[Knote: [m[K  template argument deduction/substitution failed:
[3.104s] [01m[K/home/israamaciaas/ros2_ws/src/signal_generator/src/signal_generator.cpp:[m[K In member function â€˜[01m[Kvoid Minimal_Publisher::timer_callback()[m[Kâ€™:
[3.104s] [01m[K/home/israamaciaas/ros2_ws/src/signal_generator/src/signal_generator.cpp:28:23:[m[K [01;31m[Kerror: [m[Kâ€˜[01m[KFloat32[m[Kâ€™ was not declared in this scope
[3.105s]    28 |       auto msg_time = [01;31m[KFloat32[m[K();
[3.105s]       |                       [01;31m[K^~~~~~~[m[K
[3.679s] gmake[2]: *** [CMakeFiles/signal_generator.dir/build.make:76: CMakeFiles/signal_generator.dir/src/signal_generator.cpp.o] Error 1
[3.679s] gmake[1]: *** [CMakeFiles/Makefile2:137: CMakeFiles/signal_generator.dir/all] Error 2
[3.680s] gmake: *** [Makefile:146: all] Error 2
[3.683s] Invoked command in '/home/israamaciaas/ros2_ws/build/signal_generator' returned '2': CMAKE_PREFIX_PATH=${CMAKE_PREFIX_PATH}:/home/israamaciaas/ros2_ws/install/ros_move:/opt/ros/humble /usr/bin/cmake --build /home/israamaciaas/ros2_ws/build/signal_generator -- -j8 -l8
