[0.017s] Invoking command in '/home/israamaciaas/ros2_ws/build/signal_generator': CMAKE_PREFIX_PATH=${CMAKE_PREFIX_PATH}:/home/israamaciaas/ros2_ws/install/ros_move:/opt/ros/humble /usr/bin/cmake --build /home/israamaciaas/ros2_ws/build/signal_generator -- -j8 -l8
[0.090s] [35m[1mConsolidate compiler generated dependencies of target signal_generator[0m
[0.123s] [ 50%] [32mBuilding CXX object CMakeFiles/signal_generator.dir/src/signal_generator.cpp.o[0m
[3.180s] [01m[K/home/israamaciaas/ros2_ws/src/signal_generator/src/signal_generator.cpp:32:43:[m[K [01;31m[Kerror: [m[Ktemplate argument 1 is invalid
[3.181s]    32 |     rclcpp::Publisher<std_msgs::msg:String[01;31m[K>[m[K::<SharedPtr publisher_;
[3.181s]       |                                           [01;31m[K^[m[K
[3.181s] [01m[K/home/israamaciaas/ros2_ws/src/signal_generator/src/signal_generator.cpp:32:46:[m[K [01;31m[Kerror: [m[Kexpected unqualified-id before â€˜[01m[K<[m[Kâ€™ token
[3.181s]    32 |     rclcpp::Publisher<std_msgs::msg:String>::[01;31m[K<[m[KSharedPtr publisher_;
[3.181s]       |                                              [01;31m[K^[m[K
[3.181s] [01m[K/home/israamaciaas/ros2_ws/src/signal_generator/src/signal_generator.cpp:[m[K In constructor â€˜[01m[KMinimal_Publisher::Minimal_Publisher()[m[Kâ€™:
[3.182s] [01m[K/home/israamaciaas/ros2_ws/src/signal_generator/src/signal_generator.cpp:15:35:[m[K [01;31m[Kerror: [m[Kclass â€˜[01m[KMinimal_Publisher[m[Kâ€™ does not have any field named â€˜[01m[Kcount[m[Kâ€™
[3.182s]    15 |     : Node ("minimal_publisher"), [01;31m[Kcount[m[K(0){
[3.182s]       |                                   [01;31m[K^~~~~[m[K
[3.188s] [01m[K/home/israamaciaas/ros2_ws/src/signal_generator/src/signal_generator.cpp:16:7:[m[K [01;31m[Kerror: [m[Kâ€˜[01m[Kpublisher_[m[Kâ€™ was not declared in this scope; did you mean â€˜[01m[Krmw_publisher_t[m[Kâ€™?
[3.189s]    16 |       [01;31m[Kpublisher_[m[K = this->create_publisher<std_msgs::msg::String>("topic", 10); //creaing a publisher
[3.189s]       |       [01;31m[K^~~~~~~~~~[m[K
[3.189s]       |       [32m[Krmw_publisher_t[m[K
[3.205s] [01m[K/home/israamaciaas/ros2_ws/src/signal_generator/src/signal_generator.cpp:[m[K In member function â€˜[01m[Kvoid Minimal_Publisher::timer_callback()[m[Kâ€™:
[3.205s] [01m[K/home/israamaciaas/ros2_ws/src/signal_generator/src/signal_generator.cpp:23:35:[m[K [01;31m[Kerror: [m[Kfound â€˜[01m[K:[m[Kâ€™ in nested-name-specifier, expected â€˜[01m[K::[m[Kâ€™
[3.205s]    23 |       auto message = std_msgs::msg[01;31m[K:[m[KString();
[3.205s]       |                                   [01;31m[K^[m[K
[3.206s]       |                                   [32m[K::[m[K
[3.213s] [01m[K/home/israamaciaas/ros2_ws/src/signal_generator/src/signal_generator.cpp:28:7:[m[K [01;31m[Kerror: [m[Kâ€˜[01m[KrclcPP_INFO[m[Kâ€™ was not declared in this scope; did you mean â€˜[01m[KRCLCPP_INFO[m[Kâ€™?
[3.213s]    28 |       [01;31m[KrclcPP_INFO[m[K (this->get_logger(), "Publishing: '%s'", message.data.c_str());
[3.213s]       |       [01;31m[K^~~~~~~~~~~[m[K
[3.213s]       |       [32m[KRCLCPP_INFO[m[K
[3.220s] [01m[K/home/israamaciaas/ros2_ws/src/signal_generator/src/signal_generator.cpp:29:7:[m[K [01;31m[Kerror: [m[Kâ€˜[01m[Kpublisher_[m[Kâ€™ was not declared in this scope; did you mean â€˜[01m[Krmw_publisher_t[m[Kâ€™?
[3.221s]    29 |       [01;31m[Kpublisher_[m[K->publish(message);
[3.221s]       |       [01;31m[K^~~~~~~~~~[m[K
[3.221s]       |       [32m[Krmw_publisher_t[m[K
[3.221s] [01m[K/home/israamaciaas/ros2_ws/src/signal_generator/src/signal_generator.cpp:[m[K In function â€˜[01m[Kint main(int, char**)[m[Kâ€™:
[3.221s] [01m[K/home/israamaciaas/ros2_ws/src/signal_generator/src/signal_generator.cpp:38:19:[m[K [01;31m[Kerror: [m[Kfound â€˜[01m[K:[m[Kâ€™ in nested-name-specifier, expected â€˜[01m[K::[m[Kâ€™
[3.221s]    38 |   rclcpp::spin(std[01;31m[K:[m[Kmake_shared<Minimal_Publisher>());
[3.221s]       |                   [01;31m[K^[m[K
[3.222s]       |                   [32m[K::[m[K
[4.066s] gmake[2]: *** [CMakeFiles/signal_generator.dir/build.make:76: CMakeFiles/signal_generator.dir/src/signal_generator.cpp.o] Error 1
[4.066s] gmake[1]: *** [CMakeFiles/Makefile2:137: CMakeFiles/signal_generator.dir/all] Error 2
[4.067s] gmake: *** [Makefile:146: all] Error 2
[4.071s] Invoked command in '/home/israamaciaas/ros2_ws/build/signal_generator' returned '2': CMAKE_PREFIX_PATH=${CMAKE_PREFIX_PATH}:/home/israamaciaas/ros2_ws/install/ros_move:/opt/ros/humble /usr/bin/cmake --build /home/israamaciaas/ros2_ws/build/signal_generator -- -j8 -l8
