[0.018s] Invoking command in '/home/israamaciaas/ros2_ws/build/signal_generator': CMAKE_PREFIX_PATH=${CMAKE_PREFIX_PATH}:/home/israamaciaas/ros2_ws/install/ros_move:/opt/ros/humble /usr/bin/cmake --build /home/israamaciaas/ros2_ws/build/signal_generator -- -j8 -l8
[0.092s] [35m[1mConsolidate compiler generated dependencies of target signal_generator[0m
[0.126s] [ 50%] [32mBuilding CXX object CMakeFiles/signal_generator.dir/src/signal_generator.cpp.o[0m
[3.189s] [01m[K/home/israamaciaas/ros2_ws/src/signal_generator/src/signal_generator.cpp:10:28:[m[K [01;31m[Kerror: [m[Kexpected â€˜[01m[K;[m[Kâ€™ before â€˜[01m[K([m[Kâ€™ token
[3.189s]    10 | using std_msgs::msg::String[01;31m[K([m[K);
[3.190s]       |                            [01;31m[K^[m[K
[3.190s]       |                            [32m[K;[m[K
[3.190s] [01m[K/home/israamaciaas/ros2_ws/src/signal_generator/src/signal_generator.cpp:10:29:[m[K [01;31m[Kerror: [m[Kexpected unqualified-id before â€˜[01m[K)[m[Kâ€™ token
[3.190s]    10 | using std_msgs::msg::String([01;31m[K)[m[K;
[3.190s]       |                             [01;31m[K^[m[K
[4.187s] gmake[2]: *** [CMakeFiles/signal_generator.dir/build.make:76: CMakeFiles/signal_generator.dir/src/signal_generator.cpp.o] Error 1
[4.188s] gmake[1]: *** [CMakeFiles/Makefile2:137: CMakeFiles/signal_generator.dir/all] Error 2
[4.189s] gmake: *** [Makefile:146: all] Error 2
[4.192s] Invoked command in '/home/israamaciaas/ros2_ws/build/signal_generator' returned '2': CMAKE_PREFIX_PATH=${CMAKE_PREFIX_PATH}:/home/israamaciaas/ros2_ws/install/ros_move:/opt/ros/humble /usr/bin/cmake --build /home/israamaciaas/ros2_ws/build/signal_generator -- -j8 -l8
