[0.018s] Invoking command in '/home/israamaciaas/ros2_ws/build/signal_generator': CMAKE_PREFIX_PATH=${CMAKE_PREFIX_PATH}:/home/israamaciaas/ros2_ws/install/ros_move:/opt/ros/humble /usr/bin/cmake --build /home/israamaciaas/ros2_ws/build/signal_generator -- -j8 -l8
[0.105s] [ 50%] [32mBuilding CXX object CMakeFiles/signal_generator.dir/src/signal_generator.cpp.o[0m
[3.166s] [01m[K/home/israamaciaas/ros2_ws/src/signal_generator/src/signal_generator.cpp:12:34:[m[K [01;31m[Kerror: [m[Kâ€˜[01m[Krclpp[m[Kâ€™ has not been declared
[3.166s]    12 | class Minimal_Publisher : public [01;31m[Krclpp[m[K:: Node{
[3.167s]       |                                  [01;31m[K^~~~~[m[K
[3.167s] [01m[K/home/israamaciaas/ros2_ws/src/signal_generator/src/signal_generator.cpp:12:42:[m[K [01;31m[Kerror: [m[Kexpected â€˜[01m[K{[m[Kâ€™ before â€˜[01m[KNode[m[Kâ€™
[3.167s]    12 | class Minimal_Publisher : public rclpp:: [01;31m[KNode[m[K{
[3.167s]       |                                          [01;31m[K^~~~[m[K
[3.167s] [01m[K/home/israamaciaas/ros2_ws/src/signal_generator/src/signal_generator.cpp:13:3:[m[K [01;31m[Kerror: [m[Kexpected primary-expression before â€˜[01m[Kpublic[m[Kâ€™
[3.167s]    13 |   [01;31m[Kpublic[m[K:
[3.167s]       |   [01;31m[K^~~~~~[m[K
[3.167s] [01m[K/home/israamaciaas/ros2_ws/src/signal_generator/src/signal_generator.cpp:13:3:[m[K [01;31m[Kerror: [m[Kexpected â€˜[01m[K}[m[Kâ€™ before â€˜[01m[Kpublic[m[Kâ€™
[3.167s] [01m[K/home/israamaciaas/ros2_ws/src/signal_generator/src/signal_generator.cpp:12:46:[m[K [01;36m[Knote: [m[Kto match this â€˜[01m[K{[m[Kâ€™
[3.167s]    12 | class Minimal_Publisher : public rclpp:: Node[01;36m[K{[m[K
[3.168s]       |                                              [01;36m[K^[m[K
[3.168s] [01m[K/home/israamaciaas/ros2_ws/src/signal_generator/src/signal_generator.cpp:21:3:[m[K [01;31m[Kerror: [m[Kexpected unqualified-id before â€˜[01m[Kprivate[m[Kâ€™
[3.168s]    21 |   [01;31m[Kprivate[m[K:
[3.168s]       |   [01;31m[K^~~~~~~[m[K
[3.168s] [01m[K/home/israamaciaas/ros2_ws/src/signal_generator/src/signal_generator.cpp:31:5:[m[K [01;31m[Kerror: [m[Kâ€˜[01m[Krclpp[m[Kâ€™ does not name a type
[3.168s]    31 |     [01;31m[Krclpp[m[K::TimerBase::SharedPtr timer_;
[3.168s]       |     [01;31m[K^~~~~[m[K
[3.170s] [01m[K/home/israamaciaas/ros2_ws/src/signal_generator/src/signal_generator.cpp:32:5:[m[K [01;31m[Kerror: [m[Kâ€˜[01m[Krclpp[m[Kâ€™ does not name a type
[3.170s]    32 |     [01;31m[Krclpp[m[K::Publisher<std_msgs::msg:String>::<SharedPtr publisher_;
[3.170s]       |     [01;31m[K^~~~~[m[K
[3.170s] [01m[K/home/israamaciaas/ros2_ws/src/signal_generator/src/signal_generator.cpp:34:1:[m[K [01;31m[Kerror: [m[Kexpected declaration before â€˜[01m[K}[m[Kâ€™ token
[3.170s]    34 | [01;31m[K}[m[K;
[3.170s]       | [01;31m[K^[m[K
[3.170s] [01m[K/home/israamaciaas/ros2_ws/src/signal_generator/src/signal_generator.cpp:[m[K In function â€˜[01m[Kint main(int, char**)[m[Kâ€™:
[3.170s] [01m[K/home/israamaciaas/ros2_ws/src/signal_generator/src/signal_generator.cpp:37:3:[m[K [01;31m[Kerror: [m[Kâ€˜[01m[Krclpp[m[Kâ€™ has not been declared
[3.170s]    37 |   [01;31m[Krclpp[m[K::init(argc, argv);
[3.170s]       |   [01;31m[K^~~~~[m[K
[3.170s] [01m[K/home/israamaciaas/ros2_ws/src/signal_generator/src/signal_generator.cpp:38:3:[m[K [01;31m[Kerror: [m[Kâ€˜[01m[Krclpp[m[Kâ€™ has not been declared
[3.170s]    38 |   [01;31m[Krclpp[m[K::spin(std:make_shared<Minimal_Publisher>());
[3.171s]       |   [01;31m[K^~~~~[m[K
[3.171s] [01m[K/home/israamaciaas/ros2_ws/src/signal_generator/src/signal_generator.cpp:38:18:[m[K [01;31m[Kerror: [m[Kfound â€˜[01m[K:[m[Kâ€™ in nested-name-specifier, expected â€˜[01m[K::[m[Kâ€™
[3.171s]    38 |   rclpp::spin(std[01;31m[K:[m[Kmake_shared<Minimal_Publisher>());
[3.171s]       |                  [01;31m[K^[m[K
[3.171s]       |                  [32m[K::[m[K
[3.173s] [01m[K/home/israamaciaas/ros2_ws/src/signal_generator/src/signal_generator.cpp:39:3:[m[K [01;31m[Kerror: [m[Kâ€˜[01m[Krclpp[m[Kâ€™ has not been declared
[3.173s]    39 |   [01;31m[Krclpp[m[K::shutdown();
[3.173s]       |   [01;31m[K^~~~~[m[K
[3.553s] In file included from [01m[K/usr/include/c++/11/unordered_map:42[m[K,
[3.553s]                  from [01m[K/usr/include/c++/11/functional:61[m[K,
[3.553s]                  from [01m[K/home/israamaciaas/ros2_ws/src/signal_generator/src/signal_generator.cpp:2[m[K:
[3.553s] /usr/include/c++/11/ext/aligned_buffer.h: In instantiation of â€˜[01m[Kstruct __gnu_cxx::__aligned_buffer<Minimal_Publisher>[m[Kâ€™:
[3.553s] [01m[K/usr/include/c++/11/bits/shared_ptr_base.h:506:35:[m[K   required from â€˜[01m[Kclass std::_Sp_counted_ptr_inplace<Minimal_Publisher, std::allocator<Minimal_Publisher>, __gnu_cxx::_S_atomic>::_Impl[m[Kâ€™
[3.554s] [01m[K/usr/include/c++/11/bits/shared_ptr_base.h:567:13:[m[K   required from â€˜[01m[Kclass std::_Sp_counted_ptr_inplace<Minimal_Publisher, std::allocator<Minimal_Publisher>, __gnu_cxx::_S_atomic>[m[Kâ€™
[3.554s] [01m[K/usr/include/c++/11/bits/shared_ptr_base.h:647:43:[m[K   required from â€˜[01m[Kstd::__shared_count<_Lp>::__shared_count(_Tp*&, std::_Sp_alloc_shared_tag<_Alloc>, _Args&& ...) [with _Tp = Minimal_Publisher; _Alloc = std::allocator<Minimal_Publisher>; _Args = {}; __gnu_cxx::_Lock_policy _Lp = __gnu_cxx::_S_atomic][m[Kâ€™
[3.554s] [01m[K/usr/include/c++/11/bits/shared_ptr_base.h:1342:14:[m[K   required from â€˜[01m[Kstd::__shared_ptr<_Tp, _Lp>::__shared_ptr(std::_Sp_alloc_shared_tag<_Tp>, _Args&& ...) [with _Alloc = std::allocator<Minimal_Publisher>; _Args = {}; _Tp = Minimal_Publisher; __gnu_cxx::_Lock_policy _Lp = __gnu_cxx::_S_atomic][m[Kâ€™
[3.554s] [01m[K/usr/include/c++/11/bits/shared_ptr.h:409:59:[m[K   required from â€˜[01m[Kstd::shared_ptr<_Tp>::shared_ptr(std::_Sp_alloc_shared_tag<_Tp>, _Args&& ...) [with _Alloc = std::allocator<Minimal_Publisher>; _Args = {}; _Tp = Minimal_Publisher][m[Kâ€™
[3.554s] [01m[K/usr/include/c++/11/bits/shared_ptr.h:862:14:[m[K   required from â€˜[01m[Kstd::shared_ptr<_Tp> std::allocate_shared(const _Alloc&, _Args&& ...) [with _Tp = Minimal_Publisher; _Alloc = std::allocator<Minimal_Publisher>; _Args = {}][m[Kâ€™
[3.554s] [01m[K/usr/include/c++/11/bits/shared_ptr.h:878:39:[m[K   required from â€˜[01m[Kstd::shared_ptr<_Tp> std::make_shared(_Args&& ...) [with _Tp = Minimal_Publisher; _Args = {}][m[Kâ€™
[3.554s] [01m[K/home/israamaciaas/ros2_ws/src/signal_generator/src/signal_generator.cpp:38:49:[m[K   required from here
[3.554s] [01m[K/usr/include/c++/11/ext/aligned_buffer.h:91:28:[m[K [01;31m[Kerror: [m[Kinvalid application of â€˜[01m[Ksizeof[m[Kâ€™ to incomplete type â€˜[01m[KMinimal_Publisher[m[Kâ€™
[3.554s]    91 |     : std::aligned_storage<[01;31m[Ksizeof(_Tp)[m[K, __alignof__(_Tp)>
[3.554s]       |                            [01;31m[K^~~~~~~~~~~[m[K
[3.554s] [01m[K/usr/include/c++/11/ext/aligned_buffer.h:91:28:[m[K [01;31m[Kerror: [m[Kinvalid application of â€˜[01m[Ksizeof[m[Kâ€™ to incomplete type â€˜[01m[KMinimal_Publisher[m[Kâ€™
[3.706s] gmake[2]: *** [CMakeFiles/signal_generator.dir/build.make:76: CMakeFiles/signal_generator.dir/src/signal_generator.cpp.o] Error 1
[3.706s] gmake[1]: *** [CMakeFiles/Makefile2:137: CMakeFiles/signal_generator.dir/all] Error 2
[3.706s] gmake: *** [Makefile:146: all] Error 2
[3.710s] Invoked command in '/home/israamaciaas/ros2_ws/build/signal_generator' returned '2': CMAKE_PREFIX_PATH=${CMAKE_PREFIX_PATH}:/home/israamaciaas/ros2_ws/install/ros_move:/opt/ros/humble /usr/bin/cmake --build /home/israamaciaas/ros2_ws/build/signal_generator -- -j8 -l8
