[0.015s] Invoking command in '/home/israamaciaas/ros2_ws/build/signal_generator': CMAKE_PREFIX_PATH=${CMAKE_PREFIX_PATH}:/home/israamaciaas/ros2_ws/install/ros_move:/opt/ros/humble /usr/bin/cmake --build /home/israamaciaas/ros2_ws/build/signal_generator -- -j8 -l8
[0.091s] [35m[1mConsolidate compiler generated dependencies of target signal_generator[0m
[0.124s] [ 50%] [32mBuilding CXX object CMakeFiles/signal_generator.dir/src/signal_generator.cpp.o[0m
[3.191s] [01m[K/home/israamaciaas/ros2_ws/src/signal_generator/src/signal_generator.cpp:32:47:[m[K [01;31m[Kerror: [m[Kexpected unqualified-id before â€˜[01m[K<[m[Kâ€™ token
[3.191s]    32 |     rclcpp::Publisher<std_msgs::msg::String>::[01;31m[K<[m[KSharedPtr publisher_;
[3.192s]       |                                               [01;31m[K^[m[K
[3.200s] [01m[K/home/israamaciaas/ros2_ws/src/signal_generator/src/signal_generator.cpp:[m[K In constructor â€˜[01m[KMinimal_Publisher::Minimal_Publisher()[m[Kâ€™:
[3.200s] [01m[K/home/israamaciaas/ros2_ws/src/signal_generator/src/signal_generator.cpp:16:7:[m[K [01;31m[Kerror: [m[Kâ€˜[01m[Kpublisher_[m[Kâ€™ was not declared in this scope; did you mean â€˜[01m[Krmw_publisher_t[m[Kâ€™?
[3.200s]    16 |       [01;31m[Kpublisher_[m[K = this->create_publisher<std_msgs::msg::String>("topic", 10); //creaing a publisher
[3.200s]       |       [01;31m[K^~~~~~~~~~[m[K
[3.200s]       |       [32m[Krmw_publisher_t[m[K
[3.216s] [01m[K/home/israamaciaas/ros2_ws/src/signal_generator/src/signal_generator.cpp:[m[K In member function â€˜[01m[Kvoid Minimal_Publisher::timer_callback()[m[Kâ€™:
[3.216s] [01m[K/home/israamaciaas/ros2_ws/src/signal_generator/src/signal_generator.cpp:23:35:[m[K [01;31m[Kerror: [m[Kfound â€˜[01m[K:[m[Kâ€™ in nested-name-specifier, expected â€˜[01m[K::[m[Kâ€™
[3.216s]    23 |       auto message = std_msgs::msg[01;31m[K:[m[KString();
[3.216s]       |                                   [01;31m[K^[m[K
[3.216s]       |                                   [32m[K::[m[K
[3.224s] [01m[K/home/israamaciaas/ros2_ws/src/signal_generator/src/signal_generator.cpp:29:7:[m[K [01;31m[Kerror: [m[Kâ€˜[01m[Kpublisher_[m[Kâ€™ was not declared in this scope; did you mean â€˜[01m[Krmw_publisher_t[m[Kâ€™?
[3.224s]    29 |       [01;31m[Kpublisher_[m[K->publish(message);
[3.224s]       |       [01;31m[K^~~~~~~~~~[m[K
[3.224s]       |       [32m[Krmw_publisher_t[m[K
[4.054s] gmake[2]: *** [CMakeFiles/signal_generator.dir/build.make:76: CMakeFiles/signal_generator.dir/src/signal_generator.cpp.o] Error 1
[4.054s] gmake[1]: *** [CMakeFiles/Makefile2:137: CMakeFiles/signal_generator.dir/all] Error 2
[4.055s] gmake: *** [Makefile:146: all] Error 2
[4.059s] Invoked command in '/home/israamaciaas/ros2_ws/build/signal_generator' returned '2': CMAKE_PREFIX_PATH=${CMAKE_PREFIX_PATH}:/home/israamaciaas/ros2_ws/install/ros_move:/opt/ros/humble /usr/bin/cmake --build /home/israamaciaas/ros2_ws/build/signal_generator -- -j8 -l8
